<?xml version="1.0" encoding="UTF-8"?>
<testng-results ignored="0" total="1" passed="1" failed="0" skipped="0">
  <reporter-output>
  </reporter-output>
  <suite started-at="2021-08-28T22:27:07Z" name="test.LoginTest" finished-at="2021-08-28T22:27:15Z" duration-ms="8377">
    <groups>
    </groups>
    <test started-at="2021-08-28T22:27:07Z" name="Command line test" finished-at="2021-08-28T22:27:15Z" duration-ms="8377">
      <class name="test.LoginTest">
        <test-method signature="validTest()[pri:0, instance:test.LoginTest@12b0404f]" started-at="2021-08-28T22:27:07Z" name="validTest" finished-at="2021-08-28T22:27:15Z" duration-ms="8345" status="PASS">
          <reporter-output>
          </reporter-output>
        </test-method> <!-- validTest -->
      </class> <!-- test.LoginTest -->
    </test> <!-- Command line test -->
  </suite> <!-- test.LoginTest -->
</testng-results>
