<?xml version="1.0" encoding="UTF-8"?>
<testng-results ignored="0" total="1" passed="1" failed="0" skipped="0">
  <reporter-output>
  </reporter-output>
  <suite started-at="2021-08-29T00:57:38Z" name="Default suite" finished-at="2021-08-29T00:57:48Z" duration-ms="9774">
    <groups>
    </groups>
    <test started-at="2021-08-29T00:57:38Z" name="Default test" finished-at="2021-08-29T00:57:48Z" duration-ms="9774">
      <class name="test.LoginTest">
        <test-method signature="validTest()[pri:0, instance:test.LoginTest@704deff2]" started-at="2021-08-29T00:57:38Z" name="validTest" finished-at="2021-08-29T00:57:48Z" duration-ms="9728" status="PASS">
          <reporter-output>
          </reporter-output>
        </test-method> <!-- validTest -->
      </class> <!-- test.LoginTest -->
    </test> <!-- Default test -->
  </suite> <!-- Default suite -->
</testng-results>
